<?xml version="1.0" encoding="UTF-8"?>
<!-- Generated by org.testng.reporters.JUnitReportReporter -->
<testsuite hostname="DESKTOP-G5M5I8R" failures="0" tests="9" name="almosafeer.myTestCases" time="22.728" errors="0" timestamp="2024-06-22T17:21:44 EET" skipped="6">
  <testcase classname="almosafeer.myTestCases" name="ChanageTheLanguageOfTheWebSitePrandomly" time="8.219"/>
  <system-out/>
  <testcase classname="almosafeer.myTestCases" name="HotelSelection" time="0.832"/>
  <system-out/>
  <testcase classname="almosafeer.myTestCases" name="selectNumberOfPeople" time="13.677"/>
  <system-out/>
  <testcase classname="almosafeer.myTestCases" name="hotelIsNotSelected">
    <skipped/>
  </testcase> <!-- hotelIsNotSelected -->
  <system-out/>
  <testcase classname="almosafeer.myTestCases" name="checkDepatureAndDate">
    <skipped/>
  </testcase> <!-- checkDepatureAndDate -->
  <system-out/>
  <testcase classname="almosafeer.myTestCases" name="Contact_Number">
    <skipped/>
  </testcase> <!-- Contact_Number -->
  <system-out/>
  <testcase classname="almosafeer.myTestCases" name="testTheCurrencySAR">
    <skipped/>
  </testcase> <!-- testTheCurrencySAR -->
  <system-out/>
  <testcase classname="almosafeer.myTestCases" name="checkTheLogoIsDisplay">
    <skipped/>
  </testcase> <!-- checkTheLogoIsDisplay -->
  <system-out/>
  <testcase classname="almosafeer.myTestCases" name="checkTheLanguage">
    <skipped/>
  </testcase> <!-- checkTheLanguage -->
  <system-out/>
</testsuite> <!-- almosafeer.myTestCases -->
