<?xml version="1.0" encoding="UTF-8"?>
<!-- Generated by org.testng.reporters.JUnitReportReporter -->
<testsuite hostname="DESKTOP-G5M5I8R" failures="0" tests="11" name="almosafeer.myTestCases" time="37.398" errors="0" timestamp="2024-06-23T22:13:17 EET" skipped="6">
  <testcase classname="almosafeer.myTestCases" name="ChanageTheLanguageOfTheWebSitePrandomly" time="1.695"/>
  <system-out/>
  <testcase classname="almosafeer.myTestCases" name="HotelSelection" time="4.554"/>
  <system-out/>
  <testcase classname="almosafeer.myTestCases" name="selectNumberOfPeople" time="9.966"/>
  <system-out/>
  <testcase classname="almosafeer.myTestCases" name="checkThePageFullyLoaded" time="16.035"/>
  <system-out/>
  <testcase classname="almosafeer.myTestCases" name="SortItems" time="5.148"/>
  <system-out/>
  <testcase classname="almosafeer.myTestCases" name="hotelIsNotSelected">
    <skipped/>
  </testcase> <!-- hotelIsNotSelected -->
  <system-out/>
  <testcase classname="almosafeer.myTestCases" name="checkDepatureAndDate">
    <skipped/>
  </testcase> <!-- checkDepatureAndDate -->
  <system-out/>
  <testcase classname="almosafeer.myTestCases" name="Contact_Number">
    <skipped/>
  </testcase> <!-- Contact_Number -->
  <system-out/>
  <testcase classname="almosafeer.myTestCases" name="testTheCurrencySAR">
    <skipped/>
  </testcase> <!-- testTheCurrencySAR -->
  <system-out/>
  <testcase classname="almosafeer.myTestCases" name="checkTheLogoIsDisplay">
    <skipped/>
  </testcase> <!-- checkTheLogoIsDisplay -->
  <system-out/>
  <testcase classname="almosafeer.myTestCases" name="checkTheLanguage">
    <skipped/>
  </testcase> <!-- checkTheLanguage -->
  <system-out/>
</testsuite> <!-- almosafeer.myTestCases -->
